<?xml version="1.0" encoding="UTF-8"?>
<!-- Generated by org.testng.reporters.JUnitReportReporter -->
<testsuite hostname="DESKTOP-7O45JHH" failures="0" tests="4" name="com.selenium.MavenProject.Testdepency" time="0.031" errors="0" timestamp="20 Feb 2022 11:38:47 GMT" skipped="2">
  <testcase classname="com.selenium.MavenProject.Testdepency" name="orange" time="0.024"/>
  <testcase classname="com.selenium.MavenProject.Testdepency" name="white" time="0.003"/>
  <testcase classname="com.selenium.MavenProject.Testdepency" name="blue" time="0.004">
    <skipped/>
  </testcase> <!-- blue -->
  <testcase classname="com.selenium.MavenProject.Testdepency" name="green" time="0.000">
    <skipped/>
  </testcase> <!-- green -->
</testsuite> <!-- com.selenium.MavenProject.Testdepency -->
