<?xml version="1.0" encoding="UTF-8"?>
<!-- Generated by org.testng.reporters.JUnitReportReporter -->
<testsuite hostname="DESKTOP-7O45JHH" failures="0" tests="3" name="com.selenium.MavenProject.TNG__001" time="0.004" errors="0" timestamp="18 Feb 2022 19:01:46 GMT" skipped="1">
  <testcase classname="com.selenium.MavenProject.TNG__001" name="f" time="0.002"/>
  <testcase classname="com.selenium.MavenProject.TNG__001" name="a" time="0.002"/>
  <testcase classname="com.selenium.MavenProject.TNG__001" name="z">
    <skipped/>
  </testcase> <!-- z -->
</testsuite> <!-- com.selenium.MavenProject.TNG__001 -->
