<?xml version="1.0" encoding="UTF-8"?>
<!-- Generated by org.testng.reporters.JUnitReportReporter -->
<testsuite hostname="DESKTOP-7O45JHH" failures="0" tests="7" name="actions.MouseOperations" time="38.126" errors="0" timestamp="01 Mar 2022 13:04:18 GMT" skipped="6">
  <testcase classname="actions.MouseOperations" name="autoSuggestions" time="38.126"/>
  <testcase classname="actions.MouseOperations" name="browserSlider">
    <skipped/>
  </testcase> <!-- browserSlider -->
  <testcase classname="actions.MouseOperations" name="dragAnddrop">
    <skipped/>
  </testcase> <!-- dragAnddrop -->
  <testcase classname="actions.MouseOperations" name="moveToelement">
    <skipped/>
  </testcase> <!-- moveToelement -->
  <testcase classname="actions.MouseOperations" name="resizeMethod">
    <skipped/>
  </testcase> <!-- resizeMethod -->
  <testcase classname="actions.MouseOperations" name="slider">
    <skipped/>
  </testcase> <!-- slider -->
  <testcase classname="actions.MouseOperations" name="rightClick">
    <skipped/>
  </testcase> <!-- rightClick -->
</testsuite> <!-- actions.MouseOperations -->
