<?xml version="1.0" encoding="UTF-8"?>
<!-- Generated by org.testng.reporters.JUnitReportReporter -->
<testsuite hostname="DESKTOP-7O45JHH" failures="0" tests="1" name="alertsHandle.AlertsHandling" time="12.097" errors="0" timestamp="23 Feb 2022 12:47:56 GMT" skipped="0">
  <testcase classname="alertsHandle.AlertsHandling" name="f" time="12.097"/>
</testsuite> <!-- alertsHandle.AlertsHandling -->
