<?xml version="1.0" encoding="UTF-8"?>
<!-- Generated by org.testng.reporters.JUnitReportReporter -->
<testsuite hostname="DESKTOP-7O45JHH" failures="0" tests="1" name="com.selenium.MavenProject.CheckBox1" time="9.371" errors="0" timestamp="20 Feb 2022 10:45:43 GMT" skipped="0">
  <testcase classname="com.selenium.MavenProject.CheckBox1" name="CheckBoxTest" time="9.371"/>
</testsuite> <!-- com.selenium.MavenProject.CheckBox1 -->
