<?xml version="1.0" encoding="UTF-8"?>
<!-- Generated by org.testng.reporters.JUnitReportReporter -->
<testsuite hostname="DESKTOP-7O45JHH" failures="0" tests="3" name="excelDataDriver.DataManageamentUsingHashtable" time="0.019" errors="0" timestamp="22 Feb 2022 18:44:49 GMT" skipped="0">
  <testcase classname="excelDataDriver.DataManageamentUsingHashtable" name="f" time="0.012"/>
  <testcase classname="excelDataDriver.DataManageamentUsingHashtable" name="f" time="0.006"/>
  <testcase classname="excelDataDriver.DataManageamentUsingHashtable" name="f" time="0.001"/>
</testsuite> <!-- excelDataDriver.DataManageamentUsingHashtable -->
