<?xml version="1.0" encoding="UTF-8"?>
<!-- Generated by org.testng.reporters.JUnitReportReporter -->
<testsuite hostname="DESKTOP-7O45JHH" failures="0" tests="2" name="excelDataDriver.FinalDpRun" time="0.018" errors="0" timestamp="23 Feb 2022 06:19:02 GMT" skipped="0">
  <testcase classname="excelDataDriver.FinalDpRun" name="f" time="0.006"/>
  <testcase classname="excelDataDriver.FinalDpRun" name="f" time="0.012"/>
</testsuite> <!-- excelDataDriver.FinalDpRun -->
