<?xml version="1.0" encoding="UTF-8"?>
<!-- Generated by org.testng.reporters.JUnitReportReporter -->
<testsuite hostname="DESKTOP-7O45JHH" failures="0" tests="1" name="com.selenium.MavenProject.LinksTesting" time="13.626" errors="0" timestamp="20 Feb 2022 10:42:27 GMT" skipped="0">
  <testcase classname="com.selenium.MavenProject.LinksTesting" name="LinksTestingTest" time="13.626"/>
</testsuite> <!-- com.selenium.MavenProject.LinksTesting -->
