<?xml version="1.0" encoding="UTF-8"?>
<!-- Generated by org.testng.reporters.JUnitReportReporter -->
<testsuite hostname="DESKTOP-7O45JHH" failures="0" tests="1" name="parallel.ClassOne" time="0.014" errors="0" timestamp="20 Feb 2022 08:35:10 GMT" skipped="0">
  <testcase classname="parallel.ClassOne" name="TestOne" time="0.014"/>
</testsuite> <!-- parallel.ClassOne -->
