<?xml version="1.0" encoding="UTF-8"?>
<!-- Generated by org.testng.reporters.JUnitReportReporter -->
<testsuite hostname="DESKTOP-7O45JHH" failures="0" tests="1" name="com.selenium.MavenProject.TNG__003" time="13.185" errors="0" timestamp="08 Mar 2022 19:45:29 GMT" skipped="0">
  <testcase classname="com.selenium.MavenProject.TNG__003" name="f" time="13.185"/>
</testsuite> <!-- com.selenium.MavenProject.TNG__003 -->
