<?xml version="1.0" encoding="UTF-8"?>
<!-- Generated by org.testng.reporters.JUnitReportReporter -->
<testsuite hostname="DESKTOP-7O45JHH" failures="0" tests="2" name="parallel.TestMethodParallel" time="0.028" errors="0" timestamp="20 Feb 2022 08:26:25 GMT" skipped="0">
  <testcase classname="parallel.TestMethodParallel" name="TestMethod2" time="0.015"/>
  <testcase classname="parallel.TestMethodParallel" name="TestMethod1" time="0.013"/>
</testsuite> <!-- parallel.TestMethodParallel -->
