<?xml version="1.0" encoding="UTF-8"?>
<!-- Generated by org.testng.reporters.JUnitReportReporter -->
<testsuite hostname="DESKTOP-7O45JHH" failures="0" tests="1" name="com.selenium.MavenProject.TNG__002" time="51.421" errors="0" timestamp="2022-03-09T16:58:09 IST" skipped="0">
  <testcase classname="com.selenium.MavenProject.TNG__002" name="TNG__002Test" time="51.421"/>
  <system-out/>
</testsuite> <!-- com.selenium.MavenProject.TNG__002 -->
