<?xml version="1.0" encoding="UTF-8"?>
<!-- Generated by org.testng.reporters.JUnitReportReporter -->
<testsuite hostname="DESKTOP-7O45JHH" failures="0" tests="1" name="alertsHandle.WindowFileUpload" time="20.364" errors="0" timestamp="28 Feb 2022 12:24:19 GMT" skipped="0">
  <testcase classname="alertsHandle.WindowFileUpload" name="f" time="20.364"/>
</testsuite> <!-- alertsHandle.WindowFileUpload -->
