<?xml version="1.0" encoding="UTF-8"?>
<!-- Generated by org.testng.reporters.JUnitReportReporter -->
<testsuite hostname="DESKTOP-7O45JHH" failures="0" tests="1" name="com.selenium.MavenProject.NewTest" time="0.005" errors="0" timestamp="18 Feb 2022 19:01:46 GMT" skipped="0">
  <testcase classname="com.selenium.MavenProject.NewTest" name="f" time="0.005"/>
</testsuite> <!-- com.selenium.MavenProject.NewTest -->
