<?xml version="1.0" encoding="UTF-8"?>
<!-- Generated by org.testng.reporters.JUnitReportReporter -->
<testsuite hostname="DESKTOP-7O45JHH" failures="0" tests="1" name="parallel.ClassTwo" time="0.013" errors="0" timestamp="20 Feb 2022 08:35:10 GMT" skipped="0">
  <testcase classname="parallel.ClassTwo" name="TestTwo" time="0.013"/>
</testsuite> <!-- parallel.ClassTwo -->
