<?xml version="1.0" encoding="UTF-8"?>
<!-- Generated by org.testng.reporters.JUnitReportReporter -->
<testsuite hostname="DESKTOP-7O45JHH" failures="0" tests="1" name="suiteB.TestB1" time="0.012" errors="0" timestamp="20 Feb 2022 08:17:14 GMT" skipped="0">
  <testcase classname="suiteB.TestB1" name="f1" time="0.012"/>
</testsuite> <!-- suiteB.TestB1 -->
