<?xml version="1.0" encoding="UTF-8"?>
<!-- Generated by org.testng.reporters.JUnitReportReporter -->
<testsuite hostname="DESKTOP-7O45JHH" failures="0" tests="1" name="com.selenium.MavenProject.RadioButton1" time="20.950" errors="0" timestamp="20 Feb 2022 10:45:43 GMT" skipped="0">
  <testcase classname="com.selenium.MavenProject.RadioButton1" name="RadioButton1Test" time="20.950"/>
</testsuite> <!-- com.selenium.MavenProject.RadioButton1 -->
