<?xml version="1.0" encoding="UTF-8"?>
<!-- Generated by org.testng.reporters.JUnitReportReporter -->
<testsuite skipped="0" hostname="DESKTOP-7O45JHH" name="com.selenium.MavenProject.TNG__002" tests="1" failures="0" timestamp="09 Mar 2022 11:32:59 GMT" time="51.997" errors="0">
  <testcase name="TNG__002Test" time="51.997" classname="com.selenium.MavenProject.TNG__002"/>
</testsuite> <!-- com.selenium.MavenProject.TNG__002 -->
